Removed Member From Class: ClassName=WemosESP8266 Member=P16
Change Component Designator: OldDesignator=C6 NewDesignator=C2
Change Component Designator: OldDesignator=J3 NewDesignator=J1
Change Component Designator: OldDesignator=J4 NewDesignator=J2
Change Component Designator: OldDesignator=P1 NewDesignator=P7
Change Component Designator: OldDesignator=P16 NewDesignator=P1
Change Component Designator: OldDesignator=P19 NewDesignator=P5
Change Component Designator: OldDesignator=R8 NewDesignator=R1
Change Component Designator: OldDesignator=R9 NewDesignator=R2
Change Component Designator: OldDesignator=R10 NewDesignator=R3
Added Component: Designator=C1(RAD-0.3)
Add component (AddParameter): Name = "LatestRevisionDate"; Value = "17-Jul-2002"; VariantName = "[No Variations]"
Add component (AddParameter): Name = "LatestRevisionNote"; Value = "Re-released for DXP Platform."; VariantName = "[No Variations]"
Add component (AddParameter): Name = "PackageDescription"; Value = "Radial Cap, Thru-Hole; 2 Leads; 0.3 in Pin Spacing"; VariantName = "[No Variations]"
Add component (AddParameter): Name = "PackageReference"; Value = "RAD-0.3"; VariantName = "[No Variations]"
Add component (AddParameter): Name = "Published"; Value = "8-Jun-2000"; VariantName = "[No Variations]"
Add component (AddParameter): Name = "Publisher"; Value = "Altium Limited"; VariantName = "[No Variations]"
Add component (AddParameter): Name = "Value"; Value = "100pF"; VariantName = "[No Variations]"
Added Pin To Net: NetName=12VDC Pin=C1-1
Added Pin To Net: NetName=GND Pin=C1-2
Change Net Name : Old Net Name=NetJ4_3 New Net Name=NetJ2_3
Change Net Name : Old Net Name=NetJ4_4 New Net Name=NetJ2_4
Change Net Name : Old Net Name=NetJ4_5 New Net Name=NetJ2_5
Change Net Name : Old Net Name=NetJ4_6 New Net Name=NetJ2_6
Change Net Name : Old Net Name=NetJ4_7 New Net Name=NetJ2_7
Change Net Name : Old Net Name=NetP1_2 New Net Name=NetP7_2
Change Net Name : Old Net Name=NetP1_3 New Net Name=NetP7_3
Added Net: Name=NetIC1_5
Added Net: Name=NetIC1_7
Added Net: Name=NetIC1_8
Added Pin To Net: NetName=NetIC1_11 Pin=P1-4
Added Net: Name=NetIC1_11
Added Pin To Net: NetName=NetIC1_12 Pin=P1-3
Added Net: Name=NetIC1_12
Added Pin To Net: NetName=NetIC1_13 Pin=P1-2
Added Net: Name=NetIC1_13
Added Pin To Net: NetName=NetIC1_14 Pin=P1-1
Added Net: Name=NetIC1_14
Added Pin To Net: NetName=NetP6_2 Pin=P7-1
Added Pin To Net: NetName=NetP6_2 Pin=R1-1
Added Net: Name=NetP6_2
Added Pin To Net: NetName=NetP8_2 Pin=R2-1
Added Net: Name=NetP8_2
Added Pin To Net: NetName=NetP9_2 Pin=R3-1
Added Net: Name=NetP9_2
Added Member To Class: ClassName=WemosESP8266 Member=Component C1 100uF
Added Member To Class: ClassName=WemosESP8266 Member=Component P7 3x1 Header
