Removed Pin From Net: NetName=3.3VDC Pin=C4-2
Removed Pin From Net: NetName=3.3VDC Pin=IC1-10
Removed Pin From Net: NetName=3.3VDC Pin=IC2-10
Removed Pin From Net: NetName=3.3VDC Pin=IC3-10
Removed Pin From Net: NetName=3.3VDC Pin=J2-8
Removed Pin From Net: NetName=3.3VDC Pin=P1-1
Removed Pin From Net: NetName=3.3VDC Pin=P3-2
Removed Pin From Net: NetName=3.3VDC Pin=P5-1
Removed Pin From Net: NetName=3.3VDC Pin=P6-2
Removed Pin From Net: NetName=3.3VDC Pin=P7-1
Removed Pin From Net: NetName=3.3VDC Pin=P9-1
Removed Pin From Net: NetName=3.3VDC Pin=P11-1
Removed Pin From Net: NetName=3.3VDC Pin=P13-1
Removed Pin From Net: NetName=3.3VDC Pin=P15-1
Change Net Name : Old Net Name=3.3VDC New Net Name=GND
Added Pin To Net: NetName=3.3VDC Pin=C4-2
Added Pin To Net: NetName=3.3VDC Pin=IC1-10
Added Pin To Net: NetName=3.3VDC Pin=IC2-10
Added Pin To Net: NetName=3.3VDC Pin=IC3-10
Added Pin To Net: NetName=3.3VDC Pin=J2-8
Added Pin To Net: NetName=3.3VDC Pin=P1-1
Added Pin To Net: NetName=3.3VDC Pin=P3-2
Added Pin To Net: NetName=3.3VDC Pin=P5-1
Added Pin To Net: NetName=3.3VDC Pin=P6-2
Added Pin To Net: NetName=3.3VDC Pin=P7-1
Added Pin To Net: NetName=3.3VDC Pin=P9-1
Added Pin To Net: NetName=3.3VDC Pin=P11-1
Added Pin To Net: NetName=3.3VDC Pin=P13-1
Added Pin To Net: NetName=3.3VDC Pin=P15-1
Added Net: Name=3.3VDC
