Added Component: Designator=P16(HDR1X5)
Add component (AddParameter): Name = "LatestRevisionDate"; Value = "17-Jul-2002"; VariantName = "[No Variations]"
Add component (AddParameter): Name = "LatestRevisionNote"; Value = "Re-released for DXP Platform."; VariantName = "[No Variations]"
Add component (AddParameter): Name = "Publisher"; Value = "Altium Limited"; VariantName = "[No Variations]"
Added Component: Designator=P17(HDR1X7)
Add component (AddParameter): Name = "LatestRevisionDate"; Value = "17-Jul-2002"; VariantName = "[No Variations]"
Add component (AddParameter): Name = "LatestRevisionNote"; Value = "Re-released for DXP Platform."; VariantName = "[No Variations]"
Add component (AddParameter): Name = "Publisher"; Value = "Altium Limited"; VariantName = "[No Variations]"
Added Pin To Net: NetName=3.3VDC Pin=C4-1
Added Pin To Net: NetName=3.3VDC Pin=J2-1
Added Pin To Net: NetName=NetP1_2 Pin=P17-1
Added Pin To Net: NetName=NetP5_2 Pin=P17-2
Added Pin To Net: NetName=NetP7_2 Pin=P17-3
Added Pin To Net: NetName=NetP11_2 Pin=P17-4
Added Pin To Net: NetName=NetP13_2 Pin=P17-5
Added Pin To Net: NetName=NetP15_2 Pin=P17-6
Added Pin To Net: NetName=NetP9_2 Pin=P17-7
Added Pin To Net: NetName=NetJ2_3 Pin=J2-3
Added Pin To Net: NetName=NetJ2_3 Pin=P16-5
Added Net: Name=NetJ2_3
Added Pin To Net: NetName=NetJ2_4 Pin=J2-4
Added Pin To Net: NetName=NetJ2_4 Pin=P16-4
Added Net: Name=NetJ2_4
Added Pin To Net: NetName=NetJ2_5 Pin=J2-5
Added Pin To Net: NetName=NetJ2_5 Pin=P16-3
Added Net: Name=NetJ2_5
Added Pin To Net: NetName=NetJ2_6 Pin=J2-6
Added Pin To Net: NetName=NetJ2_6 Pin=P16-2
Added Net: Name=NetJ2_6
Added Pin To Net: NetName=NetJ2_7 Pin=J2-7
Added Pin To Net: NetName=NetJ2_7 Pin=P16-1
Added Net: Name=NetJ2_7
Added Member To Class: ClassName=theMonarchTransmitter Member=Component P16 Header 5
Added Member To Class: ClassName=theMonarchTransmitter Member=Component P17 Header 7
Added Member To Class: ClassName=theMonarchTransmitter Member=Component R4 Res1
