Checking out license feature:- star-proe...
License build date: 09 November 2018
This version of the code requires license version 2016.06 or greater.
Checking license file: 2000@uq-siemens-rlm.compute.dc.uq.edu.au
1 copy of star-proe checked out from 2000@uq-siemens-rlm.compute.dc.uq.edu.au
Feature star-proe expires in 83 days
Licensing successful

STAR-Creo: 14.02.012 Wed Mar 20 12:06:34 EDT 2019
Loading STAR-CAD database: H:\Desktop\THESIS\CAD_MODEL\FINAL\brackets\Assembly\40x50_bracket.prt
  Database saved by:
    STAR-CAD 14.02.012 (Windows/VS2010) Wed Mar 20 12:06:34 EDT 2019  
  Loading into:
    STAR-CAD 14.02.012 (Windows/VS2010) Wed Mar 20 12:06:34 EDT 2019 
STAR-CAD database load completed.
Loading STAR-CAD database: :\\puffball.labs.eait.uq.edu.au\s4393944\Desktop\THESIS\CAD_MODEL\FINAL\arm\Scissor\arm_assembly.asm
  Database saved by:
    STAR-CAD 14.02.012 (Windows/VS2010) Wed Mar 20 12:06:34 EDT 2019  
  Loading into:
    STAR-CAD 14.02.012 (Windows/VS2010) Wed Mar 20 12:06:34 EDT 2019 
STAR-CAD database load completed.
